<?xml version="1.0" encoding="UTF-8"?>
<!-- Generated by org.testng.reporters.JUnitReportReporter -->
<testsuite hostname="DESKTOP-7MUP6DN" failures="0" tests="1" name="TestCase.TestCaseG" time="21.142" errors="0" timestamp="2023-01-20T11:43:46 BDT" skipped="0">
  <testcase classname="TestCase.TestCaseG" name="testCase" time="21.142"/>
  <system-out/>
</testsuite> <!-- TestCase.TestCaseG -->
